\BOOKMARK [1][-]{section.1}{\376\377\000E\000n\000t\000r\000o\000p\000y\000\040\000C\000o\000n\000d\000i\000t\000i\000o\000n\000\040\000-\000\040\000O\000r\000i\000g\000i\000n\000\040\000a\000n\000d\000\040\000F\000o\000r\000m\000u\000l\000a\000t\000i\000o\000n}{}% 1
\BOOKMARK [2][-]{subsection.1.1}{\376\377\000T\000h\000e\000\040\000W\000e\000a\000k\000\040\000F\000o\000r\000m\000\040\000o\000f\000\040\000C\000o\000n\000s\000e\000r\000v\000a\000t\000i\000o\000n\000\040\000L\000a\000w}{section.1}% 2
\BOOKMARK [1][-]{section.2}{\376\377\000E\000n\000t\000r\000o\000p\000y\000\040\000S\000a\000t\000i\000s\000f\000i\000e\000d\000\040\000S\000c\000h\000e\000m\000e\000s}{}% 3
\BOOKMARK [2][-]{subsection.2.1}{\376\377\000L\000a\000x\000-\000F\000r\000i\000e\000d\000r\000i\000c\000h\000'\000s\000\040\000S\000c\000h\000e\000m\000e}{section.2}% 4
\BOOKMARK [2][-]{subsection.2.2}{\376\377\000E\000n\000g\000q\000u\000i\000s\000t\000-\000O\000s\000h\000e\000r\000\040\000S\000c\000h\000e\000m\000e}{section.2}% 5
\BOOKMARK [1][-]{section.3}{\376\377\000T\000h\000e\000\040\000R\000o\000e\000\040\000S\000c\000h\000e\000m\000e\000\040\000a\000n\000d\000\040\000R\000o\000e\000'\000s\000\040\000A\000v\000e\000r\000a\000g\000e}{}% 6
\BOOKMARK [2][-]{subsection.3.1}{\376\377\000M\000o\000t\000i\000v\000a\000t\000i\000o\000n}{section.3}% 7
\BOOKMARK [2][-]{subsection.3.2}{\376\377\000R\000o\000e\000'\000s\000\040\000A\000v\000e\000r\000a\000g\000e\000\040\000a\000n\000d\000\040\000E\000u\000l\000e\000r\000'\000s\000\040\000E\000q\000u\000a\000t\000i\000o\000n}{section.3}% 8
\BOOKMARK [1][-]{section.4}{\376\377\000T\000a\000d\000m\000o\000r\000'\000s\000\040\000E\000n\000t\000r\000o\000p\000y\000\040\000S\000t\000a\000b\000i\000l\000i\000t\000y\000\040\000C\000r\000i\000t\000e\000r\000i\000o\000n}{}% 9
\BOOKMARK [2][-]{subsection.4.1}{\376\377\000T\000a\000d\000m\000o\000r\000'\000s\000\040\000E\000n\000t\000r\000o\000p\000y\000\040\000S\000t\000a\000b\000i\000l\000i\000t\000y\000\040\000C\000r\000i\000t\000e\000r\000i\000o\000n}{section.4}% 10
\BOOKMARK [2][-]{subsection.4.2}{\376\377\000T\000a\000d\000m\000o\000r\000'\000s\000\040\000S\000e\000c\000o\000n\000d\000\040\000T\000h\000e\000o\000r\000e\000m}{section.4}% 11
\BOOKMARK [1][-]{section.5}{\376\377\000R\000o\000e\000'\000s\000\040\000E\000n\000t\000r\000o\000p\000y\000\040\000C\000o\000n\000s\000e\000r\000v\000a\000t\000i\000v\000e\000\040\000F\000l\000u\000x}{}% 12
\BOOKMARK [2][-]{subsection.5.1}{\376\377\000E\000n\000t\000r\000o\000p\000y\000\040\000P\000r\000o\000d\000u\000c\000t\000i\000o\000n}{section.5}% 13
\BOOKMARK [2][-]{subsection.5.2}{\376\377\000A\000n\000\040\000E\000n\000t\000r\000o\000p\000y\000\040\000C\000o\000n\000s\000e\000r\000v\000a\000t\000i\000v\000e\000\040\000F\000l\000u\000x}{section.5}% 14
\BOOKMARK [2][-]{subsection.5.3}{\376\377\000E\000n\000t\000r\000o\000p\000y\000\040\000S\000t\000a\000b\000i\000l\000i\000t\000y\000\040\000v\000i\000a\000\040\000U\000p\000w\000i\000n\000d\000i\000n\000g}{section.5}% 15
\BOOKMARK [1][-]{section.6}{\376\377\0001\000D\000\040\000E\000u\000l\000e\000r\000\040\000E\000q\000u\000a\000t\000i\000o\000n\000\040\000A\000n\000a\000l\000y\000s\000i\000s}{}% 16
\BOOKMARK [2][-]{subsection.6.1}{\376\377\000C\000o\000n\000s\000e\000r\000v\000a\000t\000i\000o\000n\000\040\000E\000q\000u\000a\000t\000i\000o\000n\000\040\000f\000o\000r\000\040\000E\000n\000t\000r\000o\000p\000y}{section.6}% 17
\BOOKMARK [2][-]{subsection.6.2}{\376\377\000F\000o\000r\000m\000a\000l\000i\000z\000i\000n\000g\000\040\000D\000e\000r\000i\000v\000a\000t\000i\000o\000n}{section.6}% 18
\BOOKMARK [2][-]{subsection.6.3}{\376\377\000C\000o\000n\000v\000e\000x\000i\000t\000y}{section.6}% 19
\BOOKMARK [3][-]{subsubsection.6.3.1}{\376\377\000D\000e\000f\000i\000n\000i\000t\000i\000o\000n}{subsection.6.3}% 20
\BOOKMARK [3][-]{subsubsection.6.3.2}{\376\377\000H\000a\000r\000t\000e\000n\000'\000s\000\040\000T\000h\000e\000o\000r\000e\000m}{subsection.6.3}% 21
\BOOKMARK [3][-]{subsubsection.6.3.3}{\376\377\000B\000e\000n\000e\000f\000i\000t\000s\000\040\000o\000f\000\040\000C\000o\000n\000v\000e\000x\000i\000t\000y}{subsection.6.3}% 22
\BOOKMARK [2][-]{subsection.6.4}{\376\377\000R\000o\000e\000\040\000F\000l\000u\000x\000\040\000a\000n\000d\000\040\000E\000n\000t\000r\000o\000p\000y\000\040\000S\000t\000a\000b\000i\000l\000i\000t\000y}{section.6}% 23
\BOOKMARK [3][-]{subsubsection.6.4.1}{\376\377\000R\000o\000e\000\040\000F\000l\000u\000x\000\040\000I\000m\000p\000l\000e\000m\000e\000n\000t\000a\000t\000i\000o\000n}{subsection.6.4}% 24
\BOOKMARK [3][-]{subsubsection.6.4.2}{\376\377\000E\000n\000t\000r\000o\000p\000y\000\040\000F\000i\000x}{subsection.6.4}% 25
\BOOKMARK [3][-]{subsubsection.6.4.3}{\376\377\000H\000a\000r\000t\000e\000n\000-\000H\000y\000m\000a\000n\000\040\000E\000n\000t\000r\000o\000p\000y\000\040\000F\000i\000x}{subsection.6.4}% 26
\BOOKMARK [3][-]{subsubsection.6.4.4}{\376\377\000N\000u\000m\000e\000r\000i\000c\000a\000l\000\040\000T\000e\000s\000t\000\040\000C\000a\000s\000e}{subsection.6.4}% 27
\BOOKMARK [3][-]{subsubsection.6.4.5}{\376\377\000R\000e\000s\000u\000l\000t\000s}{subsection.6.4}% 28
