This is pdfTeX, Version 3.141592653-2.6-1.40.22 (TeX Live 2021) (preloaded format=pdflatex 2021.8.7)  2 FEB 2023 19:09
entering extended mode
 restricted \write18 enabled.
 file:line:error style messages enabled.
 %&-line parsing enabled.
**bibliography.tex
(./bibliography.tex
LaTeX2e <2020-10-01> patch level 4
L3 programming layer <2021-02-18>

./bibliography.tex:1: LaTeX Error: Lonely \item--perhaps a missing list environ
ment.

See the LaTeX manual or LaTeX Companion for explanation.
Type  H <return>  for immediate help.
 ...                                              
                                                  
l.1 \bibitem{LastNameJournalYear}
                                 
? 
./bibliography.tex:1: Undefined control sequence.
<argument> \@listctr 
                     
l.1 \bibitem{LastNameJournalYear}
                                 
? 
./bibliography.tex:1: Emergency stop.
<argument> \@listctr 
                     
l.1 \bibitem{LastNameJournalYear}
                                 
End of file on the terminal!

 
Here is how much of TeX's memory you used:
 15 strings out of 478994
 391 string characters out of 5858185
 283044 words of memory out of 5000000
 17602 multiletter control sequences out of 15000+600000
 403430 words of font info for 27 fonts, out of 8000000 for 9000
 1141 hyphenation exceptions out of 8191
 13i,1n,15p,77b,19s stack positions out of 5000i,500n,10000p,200000b,80000s
./bibliography.tex:1:  ==> Fatal error occurred, no output PDF file produced!
